2021-03-14 08:32:14 INFO  ************* Locator hash Map ==={Login$Password_EditBox=//input[@name='pwd'], Login$Error_Message=//span[@class='errormsg'], Login$Login_Button=//a[@id='loginButton'], Home$Logout_Link=//a[@id='logoutLink'], Login$UserName_EditBox=//input[@id='username']}
2021-03-14 08:32:14 INFO  ************* TestData hash Map ==={Login$Password_EditBox=manager, Login$UserName_EditBox=admin}
2021-03-14 08:32:14 INFO  ************* This method should run in the beginning of the execution of the entire run
2021-03-14 08:32:14 INFO  ************* This method will run before every Test
2021-03-14 08:32:14 INFO  ************* This method will run before every class
2021-03-14 08:32:27 INFO  ************* **********The test case by name login_001 is started running*********
2021-03-14 08:32:27 INFO  ************* *********starting the test case**********
2021-03-14 08:32:32 INFO  ************* The test case by name login_001 has Passed
2021-03-14 08:32:34 INFO  ************* This method will run after every class
2021-03-14 08:32:34 INFO  ************* This method should run at the end of tthe execution of the entire run
2021-03-14 08:35:14 INFO  ************* Locator hash Map ==={Login$Password_EditBox=//input[@name='pwd'], Login$Error_Message=//span[@class='errormsg'], Login$Login_Button=//a[@id='loginButton'], Home$Logout_Link=//a[@id='logoutLink'], Login$UserName_EditBox=//input[@id='username']}
2021-03-14 08:35:14 INFO  ************* TestData hash Map ==={Login$Password_EditBox=manager, Login$UserName_EditBox=admin}
2021-03-14 08:35:14 INFO  ************* This method should run in the beginning of the execution of the entire run
2021-03-14 08:35:14 INFO  ************* This method will run before every Test
2021-03-14 08:35:14 INFO  ************* This method will run before every class
2021-03-14 08:35:26 INFO  ************* **********The test case by name login_001 is started running*********
2021-03-14 08:35:26 INFO  ************* *********starting the test case**********
2021-03-14 08:35:32 INFO  ************* The test case by name login_001 has Passed
2021-03-14 08:35:45 INFO  ************* **********The test case by name login_002 is started running*********
2021-03-14 08:35:50 INFO  ************* The test case by name login_002 has Failed!!
2021-03-14 08:35:51 ERROR ************* [org.testng.Assert.fail(Assert.java:94)
 org.testng.Assert.failNotEquals(Assert.java:496)
 org.testng.Assert.assertFalse(Assert.java:63)
 com.actitime.tests.Login.login_002(Login.java:41)
 sun.reflect.NativeMethodAccessorImpl.invoke0(Native Method)
 sun.reflect.NativeMethodAccessorImpl.invoke(NativeMethodAccessorImpl.java:62)
 sun.reflect.DelegatingMethodAccessorImpl.invoke(DelegatingMethodAccessorImpl.java:43)
 java.lang.reflect.Method.invoke(Method.java:498)
 org.testng.internal.MethodInvocationHelper.invokeMethod(MethodInvocationHelper.java:85)
 org.testng.internal.Invoker.invokeMethod(Invoker.java:639)
 org.testng.internal.Invoker.invokeTestMethod(Invoker.java:816)
 org.testng.internal.Invoker.invokeTestMethods(Invoker.java:1124)
 org.testng.internal.TestMethodWorker.invokeTestMethods(TestMethodWorker.java:125)
 org.testng.internal.TestMethodWorker.run(TestMethodWorker.java:108)
 org.testng.TestRunner.privateRun(TestRunner.java:774)
 org.testng.TestRunner.run(TestRunner.java:624)
 org.testng.SuiteRunner.runTest(SuiteRunner.java:359)
 org.testng.SuiteRunner.runSequentially(SuiteRunner.java:354)
 org.testng.SuiteRunner.privateRun(SuiteRunner.java:312)
 org.testng.SuiteRunner.run(SuiteRunner.java:261)
 org.testng.SuiteRunnerWorker.runSuite(SuiteRunnerWorker.java:52)
 org.testng.SuiteRunnerWorker.run(SuiteRunnerWorker.java:86)
 org.testng.TestNG.runSuitesSequentially(TestNG.java:1215)
 org.testng.TestNG.runSuitesLocally(TestNG.java:1140)
 org.testng.TestNG.run(TestNG.java:1048)
 org.apache.maven.surefire.testng.TestNGExecutor.run(TestNGExecutor.java:293)
 org.apache.maven.surefire.testng.TestNGXmlTestSuite.execute(TestNGXmlTestSuite.java:84)
 org.apache.maven.surefire.testng.TestNGProvider.invoke(TestNGProvider.java:91)
 org.apache.maven.surefire.booter.ForkedBooter.invokeProviderInSameClassLoader(ForkedBooter.java:200)
 org.apache.maven.surefire.booter.ForkedBooter.runSuitesInProcess(ForkedBooter.java:153)
 org.apache.maven.surefire.booter.ForkedBooter.main(ForkedBooter.java:103)]
2021-03-14 08:35:53 INFO  ************* This method will run after every class
2021-03-14 08:35:53 INFO  ************* This method should run at the end of tthe execution of the entire run
2021-03-14 22:08:35 INFO  ************* Locator hash Map ==={Login$Password_EditBox=//input[@name='pwd'], Login$Error_Message=//span[@class='errormsg'], Login$Login_Button=//a[@id='loginButton'], Home$Logout_Link=//a[@id='logoutLink'], Login$UserName_EditBox=//input[@id='username']}
2021-03-14 22:08:35 INFO  ************* TestData hash Map ==={Login$Password_EditBox=manager, Login$UserName_EditBox=admin}
2021-03-14 22:08:35 INFO  ************* This method should run in the beginning of the execution of the entire run
2021-03-14 22:08:35 INFO  ************* This method will run before every Test
2021-03-14 22:08:35 INFO  ************* This method will run before every class
2021-03-14 22:08:45 INFO  ************* **********The test case by name login_001 is started running*********
2021-03-14 22:08:45 INFO  ************* *********starting the test case**********
2021-03-14 22:08:49 INFO  ************* The test case by name login_001 has Passed
2021-03-14 22:08:58 INFO  ************* **********The test case by name login_002 is started running*********
2021-03-14 22:09:01 INFO  ************* The test case by name login_002 has Failed!!
2021-03-14 22:09:02 ERROR ************* [org.testng.Assert.fail(Assert.java:94)
 org.testng.Assert.failNotEquals(Assert.java:496)
 org.testng.Assert.assertFalse(Assert.java:63)
 com.actitime.tests.Login.login_002(Login.java:41)
 sun.reflect.NativeMethodAccessorImpl.invoke0(Native Method)
 sun.reflect.NativeMethodAccessorImpl.invoke(NativeMethodAccessorImpl.java:62)
 sun.reflect.DelegatingMethodAccessorImpl.invoke(DelegatingMethodAccessorImpl.java:43)
 java.lang.reflect.Method.invoke(Method.java:498)
 org.testng.internal.MethodInvocationHelper.invokeMethod(MethodInvocationHelper.java:85)
 org.testng.internal.Invoker.invokeMethod(Invoker.java:639)
 org.testng.internal.Invoker.invokeTestMethod(Invoker.java:816)
 org.testng.internal.Invoker.invokeTestMethods(Invoker.java:1124)
 org.testng.internal.TestMethodWorker.invokeTestMethods(TestMethodWorker.java:125)
 org.testng.internal.TestMethodWorker.run(TestMethodWorker.java:108)
 org.testng.TestRunner.privateRun(TestRunner.java:774)
 org.testng.TestRunner.run(TestRunner.java:624)
 org.testng.SuiteRunner.runTest(SuiteRunner.java:359)
 org.testng.SuiteRunner.runSequentially(SuiteRunner.java:354)
 org.testng.SuiteRunner.privateRun(SuiteRunner.java:312)
 org.testng.SuiteRunner.run(SuiteRunner.java:261)
 org.testng.SuiteRunnerWorker.runSuite(SuiteRunnerWorker.java:52)
 org.testng.SuiteRunnerWorker.run(SuiteRunnerWorker.java:86)
 org.testng.TestNG.runSuitesSequentially(TestNG.java:1215)
 org.testng.TestNG.runSuitesLocally(TestNG.java:1140)
 org.testng.TestNG.run(TestNG.java:1048)
 org.apache.maven.surefire.testng.TestNGExecutor.run(TestNGExecutor.java:293)
 org.apache.maven.surefire.testng.TestNGXmlTestSuite.execute(TestNGXmlTestSuite.java:84)
 org.apache.maven.surefire.testng.TestNGProvider.invoke(TestNGProvider.java:91)
 org.apache.maven.surefire.booter.ForkedBooter.invokeProviderInSameClassLoader(ForkedBooter.java:200)
 org.apache.maven.surefire.booter.ForkedBooter.runSuitesInProcess(ForkedBooter.java:153)
 org.apache.maven.surefire.booter.ForkedBooter.main(ForkedBooter.java:103)]
2021-03-14 22:09:03 INFO  ************* This method will run after every class
2021-03-14 22:09:03 INFO  ************* This method should run at the end of tthe execution of the entire run
2021-03-14 22:52:42 INFO  ************* Locator hash Map ==={Login$Password_EditBox=//input[@name='pwd'], Login$Error_Message=//span[@class='errormsg'], Login$Login_Button=//a[@id='loginButton'], Home$Logout_Link=//a[@id='logoutLink'], Login$UserName_EditBox=//input[@id='username']}
2021-03-14 22:52:42 INFO  ************* TestData hash Map ==={Login$Password_EditBox=manager, Login$UserName_EditBox=admin}
2021-03-14 22:52:42 INFO  ************* This method should run in the beginning of the execution of the entire run
2021-03-14 22:52:42 INFO  ************* This method will run before every Test
2021-03-14 22:52:42 INFO  ************* This method will run before every class
2021-03-14 22:52:51 INFO  ************* **********The test case by name login_001 is started running*********
2021-03-14 22:52:51 INFO  ************* *********starting the test case**********
2021-03-14 22:52:54 INFO  ************* The test case by name login_001 has Passed
2021-03-14 22:53:02 INFO  ************* **********The test case by name login_002 is started running*********
2021-03-14 22:53:06 INFO  ************* The test case by name login_002 has Failed!!
2021-03-14 22:53:06 ERROR ************* [org.testng.Assert.fail(Assert.java:94)
 org.testng.Assert.failNotEquals(Assert.java:496)
 org.testng.Assert.assertFalse(Assert.java:63)
 com.actitime.tests.Login.login_002(Login.java:41)
 sun.reflect.NativeMethodAccessorImpl.invoke0(Native Method)
 sun.reflect.NativeMethodAccessorImpl.invoke(NativeMethodAccessorImpl.java:62)
 sun.reflect.DelegatingMethodAccessorImpl.invoke(DelegatingMethodAccessorImpl.java:43)
 java.lang.reflect.Method.invoke(Method.java:498)
 org.testng.internal.MethodInvocationHelper.invokeMethod(MethodInvocationHelper.java:85)
 org.testng.internal.Invoker.invokeMethod(Invoker.java:639)
 org.testng.internal.Invoker.invokeTestMethod(Invoker.java:816)
 org.testng.internal.Invoker.invokeTestMethods(Invoker.java:1124)
 org.testng.internal.TestMethodWorker.invokeTestMethods(TestMethodWorker.java:125)
 org.testng.internal.TestMethodWorker.run(TestMethodWorker.java:108)
 org.testng.TestRunner.privateRun(TestRunner.java:774)
 org.testng.TestRunner.run(TestRunner.java:624)
 org.testng.SuiteRunner.runTest(SuiteRunner.java:359)
 org.testng.SuiteRunner.runSequentially(SuiteRunner.java:354)
 org.testng.SuiteRunner.privateRun(SuiteRunner.java:312)
 org.testng.SuiteRunner.run(SuiteRunner.java:261)
 org.testng.SuiteRunnerWorker.runSuite(SuiteRunnerWorker.java:52)
 org.testng.SuiteRunnerWorker.run(SuiteRunnerWorker.java:86)
 org.testng.TestNG.runSuitesSequentially(TestNG.java:1215)
 org.testng.TestNG.runSuitesLocally(TestNG.java:1140)
 org.testng.TestNG.run(TestNG.java:1048)
 org.apache.maven.surefire.testng.TestNGExecutor.run(TestNGExecutor.java:293)
 org.apache.maven.surefire.testng.TestNGXmlTestSuite.execute(TestNGXmlTestSuite.java:84)
 org.apache.maven.surefire.testng.TestNGProvider.invoke(TestNGProvider.java:91)
 org.apache.maven.surefire.booter.ForkedBooter.invokeProviderInSameClassLoader(ForkedBooter.java:200)
 org.apache.maven.surefire.booter.ForkedBooter.runSuitesInProcess(ForkedBooter.java:153)
 org.apache.maven.surefire.booter.ForkedBooter.main(ForkedBooter.java:103)]
2021-03-14 22:53:07 INFO  ************* This method will run after every class
2021-03-14 22:53:07 INFO  ************* This method should run at the end of tthe execution of the entire run
2021-03-15 07:45:16 INFO  ************* Locator hash Map ==={Login$Password_EditBox=//input[@name='pwd'], Login$Error_Message=//span[@class='errormsg'], Login$Login_Button=//a[@id='loginButton'], Home$Logout_Link=//a[@id='logoutLink'], Login$UserName_EditBox=//input[@id='username']}
2021-03-15 07:45:16 INFO  ************* TestData hash Map ==={Login$Password_EditBox=manager, Login$UserName_EditBox=admin}
2021-03-15 07:45:16 INFO  ************* This method should run in the beginning of the execution of the entire run
2021-03-15 07:45:16 INFO  ************* This method will run before every Test
2021-03-15 07:45:16 INFO  ************* This method will run before every class
2021-03-15 07:45:26 INFO  ************* **********The test case by name login_001 is started running*********
2021-03-15 07:45:26 INFO  ************* *********starting the test case**********
2021-03-15 07:45:31 INFO  ************* The test case by name login_001 has Passed
2021-03-15 07:45:41 INFO  ************* **********The test case by name login_002 is started running*********
2021-03-15 07:45:47 INFO  ************* The test case by name login_002 has Failed!!
2021-03-15 07:45:48 ERROR ************* [org.testng.Assert.fail(Assert.java:94)
 org.testng.Assert.failNotEquals(Assert.java:496)
 org.testng.Assert.assertFalse(Assert.java:63)
 com.actitime.tests.Login.login_002(Login.java:41)
 sun.reflect.NativeMethodAccessorImpl.invoke0(Native Method)
 sun.reflect.NativeMethodAccessorImpl.invoke(NativeMethodAccessorImpl.java:62)
 sun.reflect.DelegatingMethodAccessorImpl.invoke(DelegatingMethodAccessorImpl.java:43)
 java.lang.reflect.Method.invoke(Method.java:498)
 org.testng.internal.MethodInvocationHelper.invokeMethod(MethodInvocationHelper.java:85)
 org.testng.internal.Invoker.invokeMethod(Invoker.java:639)
 org.testng.internal.Invoker.invokeTestMethod(Invoker.java:816)
 org.testng.internal.Invoker.invokeTestMethods(Invoker.java:1124)
 org.testng.internal.TestMethodWorker.invokeTestMethods(TestMethodWorker.java:125)
 org.testng.internal.TestMethodWorker.run(TestMethodWorker.java:108)
 org.testng.TestRunner.privateRun(TestRunner.java:774)
 org.testng.TestRunner.run(TestRunner.java:624)
 org.testng.SuiteRunner.runTest(SuiteRunner.java:359)
 org.testng.SuiteRunner.runSequentially(SuiteRunner.java:354)
 org.testng.SuiteRunner.privateRun(SuiteRunner.java:312)
 org.testng.SuiteRunner.run(SuiteRunner.java:261)
 org.testng.SuiteRunnerWorker.runSuite(SuiteRunnerWorker.java:52)
 org.testng.SuiteRunnerWorker.run(SuiteRunnerWorker.java:86)
 org.testng.TestNG.runSuitesSequentially(TestNG.java:1215)
 org.testng.TestNG.runSuitesLocally(TestNG.java:1140)
 org.testng.TestNG.run(TestNG.java:1048)
 org.apache.maven.surefire.testng.TestNGExecutor.run(TestNGExecutor.java:293)
 org.apache.maven.surefire.testng.TestNGXmlTestSuite.execute(TestNGXmlTestSuite.java:84)
 org.apache.maven.surefire.testng.TestNGProvider.invoke(TestNGProvider.java:91)
 org.apache.maven.surefire.booter.ForkedBooter.invokeProviderInSameClassLoader(ForkedBooter.java:200)
 org.apache.maven.surefire.booter.ForkedBooter.runSuitesInProcess(ForkedBooter.java:153)
 org.apache.maven.surefire.booter.ForkedBooter.main(ForkedBooter.java:103)]
2021-03-15 07:45:49 INFO  ************* This method will run after every class
2021-03-15 07:45:49 INFO  ************* This method should run at the end of tthe execution of the entire run
2021-03-16 23:08:10 INFO  ************* Locator hash Map ==={Login$Password_EditBox=//input[@name='pwd'], Login$Error_Message=//span[@class='errormsg'], Login$Login_Button=//a[@id='loginButton'], Home$Logout_Link=//a[@id='logoutLink'], Login$UserName_EditBox=//input[@id='username']}
2021-03-16 23:08:10 INFO  ************* TestData hash Map ==={Login$Password_EditBox=manager, Login$UserName_EditBox=admin}
2021-03-16 23:08:10 INFO  ************* This method should run in the beginning of the execution of the entire run
2021-03-16 23:08:10 INFO  ************* This method will run before every Test
2021-03-16 23:08:10 INFO  ************* This method will run before every class
2021-03-16 23:08:18 INFO  ************* **********The test case by name login_001 is started running*********
2021-03-16 23:08:18 INFO  ************* *********starting the test case**********
2021-03-16 23:08:22 INFO  ************* The test case by name login_001 has Passed
2021-03-16 23:08:30 INFO  ************* **********The test case by name login_002 is started running*********
2021-03-16 23:08:34 INFO  ************* The test case by name login_002 has Failed!!
2021-03-16 23:08:34 ERROR ************* [org.testng.Assert.fail(Assert.java:94)
 org.testng.Assert.failNotEquals(Assert.java:496)
 org.testng.Assert.assertFalse(Assert.java:63)
 com.actitime.tests.Login.login_002(Login.java:41)
 sun.reflect.NativeMethodAccessorImpl.invoke0(Native Method)
 sun.reflect.NativeMethodAccessorImpl.invoke(NativeMethodAccessorImpl.java:62)
 sun.reflect.DelegatingMethodAccessorImpl.invoke(DelegatingMethodAccessorImpl.java:43)
 java.lang.reflect.Method.invoke(Method.java:498)
 org.testng.internal.MethodInvocationHelper.invokeMethod(MethodInvocationHelper.java:85)
 org.testng.internal.Invoker.invokeMethod(Invoker.java:639)
 org.testng.internal.Invoker.invokeTestMethod(Invoker.java:816)
 org.testng.internal.Invoker.invokeTestMethods(Invoker.java:1124)
 org.testng.internal.TestMethodWorker.invokeTestMethods(TestMethodWorker.java:125)
 org.testng.internal.TestMethodWorker.run(TestMethodWorker.java:108)
 org.testng.TestRunner.privateRun(TestRunner.java:774)
 org.testng.TestRunner.run(TestRunner.java:624)
 org.testng.SuiteRunner.runTest(SuiteRunner.java:359)
 org.testng.SuiteRunner.runSequentially(SuiteRunner.java:354)
 org.testng.SuiteRunner.privateRun(SuiteRunner.java:312)
 org.testng.SuiteRunner.run(SuiteRunner.java:261)
 org.testng.SuiteRunnerWorker.runSuite(SuiteRunnerWorker.java:52)
 org.testng.SuiteRunnerWorker.run(SuiteRunnerWorker.java:86)
 org.testng.TestNG.runSuitesSequentially(TestNG.java:1215)
 org.testng.TestNG.runSuitesLocally(TestNG.java:1140)
 org.testng.TestNG.run(TestNG.java:1048)
 org.testng.remote.AbstractRemoteTestNG.run(AbstractRemoteTestNG.java:115)
 org.testng.remote.RemoteTestNG.initAndRun(RemoteTestNG.java:251)
 org.testng.remote.RemoteTestNG.main(RemoteTestNG.java:77)]
2021-03-16 23:08:35 INFO  ************* This method will run after every class
2021-03-16 23:08:35 INFO  ************* This method should run at the end of tthe execution of the entire run
2021-03-16 23:19:39 INFO  ************* Locator hash Map ==={Login$Password_EditBox=//input[@name='pwd'], Login$Error_Message=//span[@class='errormsg'], Login$Login_Button=//a[@id='loginButton'], Home$Logout_Link=//a[@id='logoutLink'], Login$UserName_EditBox=//input[@id='username']}
2021-03-16 23:19:39 INFO  ************* TestData hash Map ==={Login$Password_EditBox=manager, Login$UserName_EditBox=admin}
2021-03-16 23:19:39 INFO  ************* This method should run in the beginning of the execution of the entire run
2021-03-16 23:19:39 INFO  ************* This method will run before every Test
2021-03-16 23:19:39 INFO  ************* This method will run before every class
2021-03-16 23:19:48 INFO  ************* **********The test case by name login_001 is started running*********
2021-03-16 23:19:48 INFO  ************* *********starting the test case**********
2021-03-16 23:19:52 INFO  ************* The test case by name login_001 has Passed
2021-03-16 23:20:00 INFO  ************* **********The test case by name login_002 is started running*********
2021-03-16 23:20:03 INFO  ************* The test case by name login_002 has Failed!!
2021-03-16 23:20:04 ERROR ************* [org.testng.Assert.fail(Assert.java:94)
 org.testng.Assert.failNotEquals(Assert.java:496)
 org.testng.Assert.assertFalse(Assert.java:63)
 com.actitime.tests.Login.login_002(Login.java:41)
 sun.reflect.NativeMethodAccessorImpl.invoke0(Native Method)
 sun.reflect.NativeMethodAccessorImpl.invoke(NativeMethodAccessorImpl.java:62)
 sun.reflect.DelegatingMethodAccessorImpl.invoke(DelegatingMethodAccessorImpl.java:43)
 java.lang.reflect.Method.invoke(Method.java:498)
 org.testng.internal.MethodInvocationHelper.invokeMethod(MethodInvocationHelper.java:85)
 org.testng.internal.Invoker.invokeMethod(Invoker.java:639)
 org.testng.internal.Invoker.invokeTestMethod(Invoker.java:816)
 org.testng.internal.Invoker.invokeTestMethods(Invoker.java:1124)
 org.testng.internal.TestMethodWorker.invokeTestMethods(TestMethodWorker.java:125)
 org.testng.internal.TestMethodWorker.run(TestMethodWorker.java:108)
 org.testng.TestRunner.privateRun(TestRunner.java:774)
 org.testng.TestRunner.run(TestRunner.java:624)
 org.testng.SuiteRunner.runTest(SuiteRunner.java:359)
 org.testng.SuiteRunner.runSequentially(SuiteRunner.java:354)
 org.testng.SuiteRunner.privateRun(SuiteRunner.java:312)
 org.testng.SuiteRunner.run(SuiteRunner.java:261)
 org.testng.SuiteRunnerWorker.runSuite(SuiteRunnerWorker.java:52)
 org.testng.SuiteRunnerWorker.run(SuiteRunnerWorker.java:86)
 org.testng.TestNG.runSuitesSequentially(TestNG.java:1215)
 org.testng.TestNG.runSuitesLocally(TestNG.java:1140)
 org.testng.TestNG.run(TestNG.java:1048)
 org.testng.remote.AbstractRemoteTestNG.run(AbstractRemoteTestNG.java:115)
 org.testng.remote.RemoteTestNG.initAndRun(RemoteTestNG.java:251)
 org.testng.remote.RemoteTestNG.main(RemoteTestNG.java:77)]
2021-03-16 23:20:05 INFO  ************* This method will run after every class
2021-03-16 23:20:05 INFO  ************* This method should run at the end of tthe execution of the entire run
