<?xml version="1.0" encoding="UTF-8"?>
<testng-results skipped="0" failed="1" total="2" passed="1">
  <reporter-output>
  </reporter-output>
  <suite name="ActiTimeSuite" duration-ms="26045" started-at="2021-03-16T17:49:39Z" finished-at="2021-03-16T17:50:05Z">
    <groups>
    </groups>
    <test name="SmokeTests" duration-ms="26045" started-at="2021-03-16T17:49:39Z" finished-at="2021-03-16T17:50:05Z">
      <class name="com.actitime.tests.Login">
        <test-method status="PASS" signature="beforeTest()[pri:0, instance:com.actitime.tests.Login@67b92f0a]" name="beforeTest" is-config="true" duration-ms="9" started-at="2021-03-16T23:19:39Z" finished-at="2021-03-16T23:19:39Z">
          <reporter-output>
          </reporter-output>
        </test-method> <!-- beforeTest -->
        <test-method status="PASS" signature="beforeclass()[pri:0, instance:com.actitime.tests.Login@67b92f0a]" name="beforeclass" is-config="true" duration-ms="0" started-at="2021-03-16T23:19:39Z" finished-at="2021-03-16T23:19:39Z">
          <reporter-output>
          </reporter-output>
        </test-method> <!-- beforeclass -->
        <test-method status="PASS" signature="launchApplication()[pri:0, instance:com.actitime.tests.Login@67b92f0a]" name="launchApplication" is-config="true" duration-ms="8668" started-at="2021-03-16T23:19:39Z" finished-at="2021-03-16T23:19:48Z">
          <reporter-output>
          </reporter-output>
        </test-method> <!-- launchApplication -->
        <test-method status="PASS" signature="login_001()[pri:0, instance:com.actitime.tests.Login@67b92f0a]" name="login_001" duration-ms="4002" started-at="2021-03-16T23:19:48Z" finished-at="2021-03-16T23:19:52Z">
          <reporter-output>
          </reporter-output>
        </test-method> <!-- login_001 -->
        <test-method status="PASS" signature="closeBrowser()[pri:0, instance:com.actitime.tests.Login@67b92f0a]" name="closeBrowser" is-config="true" duration-ms="1072" started-at="2021-03-16T23:19:52Z" finished-at="2021-03-16T23:19:53Z">
          <reporter-output>
          </reporter-output>
        </test-method> <!-- closeBrowser -->
        <test-method status="PASS" signature="launchApplication()[pri:0, instance:com.actitime.tests.Login@67b92f0a]" name="launchApplication" is-config="true" duration-ms="6966" started-at="2021-03-16T23:19:53Z" finished-at="2021-03-16T23:20:00Z">
          <reporter-output>
          </reporter-output>
        </test-method> <!-- launchApplication -->
        <test-method status="FAIL" signature="login_002()[pri:0, instance:com.actitime.tests.Login@67b92f0a]" name="login_002" duration-ms="3381" started-at="2021-03-16T23:20:00Z" finished-at="2021-03-16T23:20:03Z">
          <exception class="java.lang.AssertionError">
            <message>
              <![CDATA[Login_002 Failed expected [false] but found [true]]]>
            </message>
            <full-stacktrace>
              <![CDATA[java.lang.AssertionError: Login_002 Failed expected [false] but found [true]
	at org.testng.Assert.fail(Assert.java:94)
	at org.testng.Assert.failNotEquals(Assert.java:496)
	at org.testng.Assert.assertFalse(Assert.java:63)
	at com.actitime.tests.Login.login_002(Login.java:41)
	at sun.reflect.NativeMethodAccessorImpl.invoke0(Native Method)
	at sun.reflect.NativeMethodAccessorImpl.invoke(NativeMethodAccessorImpl.java:62)
	at sun.reflect.DelegatingMethodAccessorImpl.invoke(DelegatingMethodAccessorImpl.java:43)
	at java.lang.reflect.Method.invoke(Method.java:498)
	at org.testng.internal.MethodInvocationHelper.invokeMethod(MethodInvocationHelper.java:85)
	at org.testng.internal.Invoker.invokeMethod(Invoker.java:639)
	at org.testng.internal.Invoker.invokeTestMethod(Invoker.java:816)
	at org.testng.internal.Invoker.invokeTestMethods(Invoker.java:1124)
	at org.testng.internal.TestMethodWorker.invokeTestMethods(TestMethodWorker.java:125)
	at org.testng.internal.TestMethodWorker.run(TestMethodWorker.java:108)
	at org.testng.TestRunner.privateRun(TestRunner.java:774)
	at org.testng.TestRunner.run(TestRunner.java:624)
	at org.testng.SuiteRunner.runTest(SuiteRunner.java:359)
	at org.testng.SuiteRunner.runSequentially(SuiteRunner.java:354)
	at org.testng.SuiteRunner.privateRun(SuiteRunner.java:312)
	at org.testng.SuiteRunner.run(SuiteRunner.java:261)
	at org.testng.SuiteRunnerWorker.runSuite(SuiteRunnerWorker.java:52)
	at org.testng.SuiteRunnerWorker.run(SuiteRunnerWorker.java:86)
	at org.testng.TestNG.runSuitesSequentially(TestNG.java:1215)
	at org.testng.TestNG.runSuitesLocally(TestNG.java:1140)
	at org.testng.TestNG.run(TestNG.java:1048)
	at org.testng.remote.AbstractRemoteTestNG.run(AbstractRemoteTestNG.java:115)
	at org.testng.remote.RemoteTestNG.initAndRun(RemoteTestNG.java:251)
	at org.testng.remote.RemoteTestNG.main(RemoteTestNG.java:77)
]]>
            </full-stacktrace>
          </exception> <!-- java.lang.AssertionError -->
          <reporter-output>
          </reporter-output>
        </test-method> <!-- login_002 -->
        <test-method status="PASS" signature="closeBrowser()[pri:0, instance:com.actitime.tests.Login@67b92f0a]" name="closeBrowser" is-config="true" duration-ms="906" started-at="2021-03-16T23:20:04Z" finished-at="2021-03-16T23:20:05Z">
          <reporter-output>
          </reporter-output>
        </test-method> <!-- closeBrowser -->
        <test-method status="PASS" signature="afterClass()[pri:0, instance:com.actitime.tests.Login@67b92f0a]" name="afterClass" is-config="true" duration-ms="0" started-at="2021-03-16T23:20:05Z" finished-at="2021-03-16T23:20:05Z">
          <reporter-output>
          </reporter-output>
        </test-method> <!-- afterClass -->
      </class> <!-- com.actitime.tests.Login -->
    </test> <!-- SmokeTests -->
  </suite> <!-- ActiTimeSuite -->
</testng-results>
